Flutter crash report.
Please report a bug at https://github.com/flutter/flutter/issues.

## command

flutter run

## exception

FileSystemException: FileSystemException: Failed to decode data using encoding 'utf-8', path = 'C:\Users\12130\Desktop\Mobile-APP-ASG2\android\gradle.properties'

```
#0      _File._tryDecode (dart:io/file_impl.dart:704:7)
#1      _File.readAsStringSync (dart:io/file_impl.dart:715:7)
#2      ForwardingFile.readAsStringSync (package:file/src/forwarding/forwarding_file.dart:99:16)
#3      ErrorHandlingFile.readAsStringSync.<anonymous closure> (package:flutter_tools/src/base/error_handling_io.dart:212:22)
#4      _runSync (package:flutter_tools/src/base/error_handling_io.dart:552:14)
#5      ErrorHandlingFile.readAsStringSync (package:flutter_tools/src/base/error_handling_io.dart:211:12)
#6      isAppUsingAndroidX (package:flutter_tools/src/android/gradle.dart:1085:21)
#7      _writeAndroidPluginRegistrant (package:flutter_tools/src/flutter_plugins.dart:444:17)
#8      injectPlugins (package:flutter_tools/src/flutter_plugins.dart:1272:11)
<asynchronous suspension>
#9      FlutterProject.ensureReadyForPlatformSpecificTooling (package:flutter_tools/src/project.dart:420:5)
<asynchronous suspension>
#10     FlutterCommand.regeneratePlatformSpecificToolingIfApplicable (package:flutter_tools/src/runner/flutter_command.dart:1970:5)
<asynchronous suspension>
#11     FlutterCommand.verifyThenRunCommand (package:flutter_tools/src/runner/flutter_command.dart:1926:7)
<asynchronous suspension>
#12     FlutterCommand.run.<anonymous closure> (package:flutter_tools/src/runner/flutter_command.dart:1590:27)
<asynchronous suspension>
#13     AppContext.run.<anonymous closure> (package:flutter_tools/src/base/context.dart:154:19)
<asynchronous suspension>
#14     CommandRunner.runCommand (package:args/command_runner.dart:212:13)
<asynchronous suspension>
#15     FlutterCommandRunner.runCommand.<anonymous closure> (package:flutter_tools/src/runner/flutter_command_runner.dart:496:9)
<asynchronous suspension>
#16     AppContext.run.<anonymous closure> (package:flutter_tools/src/base/context.dart:154:19)
<asynchronous suspension>
#17     FlutterCommandRunner.runCommand (package:flutter_tools/src/runner/flutter_command_runner.dart:431:5)
<asynchronous suspension>
#18     FlutterCommandRunner.run.<anonymous closure> (package:flutter_tools/src/runner/flutter_command_runner.dart:307:33)
<asynchronous suspension>
#19     run.<anonymous closure>.<anonymous closure> (package:flutter_tools/runner.dart:104:11)
<asynchronous suspension>
#20     AppContext.run.<anonymous closure> (package:flutter_tools/src/base/context.dart:154:19)
<asynchronous suspension>
#21     main (package:flutter_tools/executable.dart:103:3)
<asynchronous suspension>
```

## flutter doctor

```
[32m[✓][39m Flutter (Channel stable, 3.41.6, on Microsoft Windows [版本 10.0.26200.8655], locale zh-CN) [501ms]
    [32m•[39m Flutter version 3.41.6 on channel stable at D:\Flutter\flutter
    [32m•[39m Upstream repository https://github.com/flutter/flutter.git
    [32m•[39m Framework revision db50e20168 (3 months ago), 2026-03-25 16:21:00 -0700
    [32m•[39m Engine revision 425cfb54d0
    [32m•[39m Dart version 3.11.4
    [32m•[39m DevTools version 2.54.2
    [32m•[39m Feature flags: enable-web, enable-linux-desktop, enable-macos-desktop, enable-windows-desktop, enable-android,
      enable-ios, cli-animations, enable-native-assets, omit-legacy-version-file, enable-lldb-debugging,
      enable-uiscene-migration

[32m[✓][39m Windows Version (Windows 11 or higher, 25H2, 2009) [2.1s]

[32m[✓][39m Android toolchain - develop for Android devices (Android SDK version 36.1.0) [3.8s]
    [32m•[39m Android SDK at C:\Users\12130\AppData\Local\Android\Sdk
    [32m•[39m Emulator version 36.5.11.0 (build_id 15261927) (CL:N/A)
    [32m•[39m Platform android-36.1, build-tools 36.1.0
    [32m•[39m Java binary at: E:\安卓环境\jbr\bin\java
      This is the JDK bundled with the latest Android Studio installation on this machine.
      To manually set the JDK path, use: `flutter config --jdk-dir="path/to/jdk"`.
    [32m•[39m Java version OpenJDK Runtime Environment (build 21.0.10+-14961533-b1163.108)
    [32m•[39m All Android licenses accepted.

[32m[✓][39m Chrome - develop for the web [117ms]
    [32m•[39m Chrome at C:\Program Files\Google\Chrome\Application\chrome.exe

[32m[✓][39m Visual Studio - develop Windows apps (Visual Studio Community 2026 18.5.0) [116ms]
    [32m•[39m Visual Studio at C:\Program Files\Microsoft Visual Studio\18\Community
    [32m•[39m Visual Studio Community 2026 version 18.5.11709.299
    [32m•[39m Windows 10 SDK version 10.0.26100.0

[32m[✓][39m Connected device (4 available) [858ms]
    [32m•[39m sdk gphone64 x86 64 (mobile) • emulator-5554 • android-x64    • Android 14 (API 34) (emulator)
    [32m•[39m Windows (desktop)            • windows       • windows-x64    • Microsoft Windows [版本 10.0.26200.8655]
    [32m•[39m Chrome (web)                 • chrome        • web-javascript • Google Chrome 149.0.7827.104
    [32m•[39m Edge (web)                   • edge          • web-javascript • Microsoft Edge 149.0.4022.69

[32m[✓][39m Network resources [1,546ms]
    [32m•[39m All expected network resources are available.

[32m•[39m No issues found!
```
